[Appium] Welcome to Appium v1.8.1
[Appium] Non-default server args:
[Appium]   port: 50900
[Appium]   loglevel: info
[Appium]   chromeDriverPort: 50901
[Appium]   tmpDir: /var/folders/kx/lkl84pq5195chjn1q9vsv60c0000gn/T//Katalon/Appium/Temp1534432122749
[Appium] Appium REST http interface listener started on 0.0.0.0:50900
[HTTP] --> GET /wd/hub/status
[HTTP] {}
[HTTP] <-- GET /wd/hub/status 200 24 ms - 83
[HTTP] 
[HTTP] --> GET /wd/hub/status
[HTTP] {}
[HTTP] <-- GET /wd/hub/status 200 16 ms - 83
[HTTP] 
[HTTP] --> POST /wd/hub/session
[HTTP] {"desiredCapabilities":{"app":"/proof/android/release/app-release.apk","autoGrantPermissions":true,"automationName":"uiautomator2","deviceName":"Zebra Technologies TC51 (Android 7.1.2)","fullReset":false,"newCommandTimeout":1800,"noReset":true,"platform":"ANDROID","platformName":"Android","udid":"18054522509388"},"capabilities":{"desiredCapabilities":{"app":"/proof/android/release/app-release.apk","autoGrantPermissions":true,"automationName":"uiautomator2","deviceName":"Zebra Technologies TC51 (Android 7.1.2)","fullReset":false,"newCommandTimeout":1800,"noReset":true,"platform":"ANDROID","platformName":"Android","udid":"18054522509388"},"firstMatch":[{"platformName":"android"}]}}
[Appium] Could not parse W3C capabilities: 'deviceName' can't be blank. Falling back to JSONWP protocol.
[Appium] The following capabilities were provided in the JSONWP desired capabilities that are missing in W3C capabilities: ["app","autoGrantPermissions","automationName","deviceName","fullReset","newCommandTimeout","noReset","platform","platformName","udid"]. Falling back to JSONWP protocol.
[Appium] Creating new AndroidUiautomator2Driver (v1.12.0) session
[Appium] Capabilities:
[Appium]   app: /proof/android/release/app-release.apk
[Appium]   autoGrantPermissions: true
[Appium]   automationName: uiautomator2
[Appium]   deviceName: Zebra Technologies TC51 (Android 7.1.2)
[Appium]   fullReset: false
[Appium]   newCommandTimeout: 1800
[Appium]   noReset: true
[Appium]   platform: ANDROID
[Appium]   platformName: Android
[Appium]   udid: 18054522509388
[BaseDriver] The following capabilities were provided, but are not recognized by appium: platform.
[BaseDriver] Session created with session id: 07e3e4e5-8992-4869-8b85-fbce9fab7de1
[BaseDriver] Using local app '/proof/android/release/app-release.apk'
[AndroidDriver] Java version is: 1.8.0_102
[ADB] Checking whether adb is present
[ADB] Found 1 'build-tools' folders under '/Users/kenfusco/.katalon/tools/android_sdk' (newest first):
[ADB]     /Users/kenfusco/.katalon/tools/android_sdk/build-tools/28.0.0
[ADB] Using adb from /Users/kenfusco/.katalon/tools/android_sdk/platform-tools/adb
[AndroidDriver] Retrieving device list
[AndroidDriver] Using device: 18054522509388
[ADB] Using the alternative activity name detection method because of: Could not find apkanalyzer in /Users/kenfusco/.katalon/tools/android_sdk/platform-tools/apkanalyzer,/Users/kenfusco/.katalon/tools/android_sdk/emulator/apkanalyzer,/Users/kenfusco/.katalon/tools/android_sdk/tools/apkanalyzer,/Users/kenfusco/.katalon/tools/android_sdk/tools/bin/apkanalyzer,/Users/kenfusco/.katalon/tools/android_sdk/build-tools/28.0.0/apkanalyzer. Do you have the Android SDK installed at '/Users/kenfusco/.katalon/tools/android_sdk'?
[ADB] Checking whether aapt is present
[ADB] Using aapt from /Users/kenfusco/.katalon/tools/android_sdk/build-tools/28.0.0/aapt
[ADB] Extracting package and launch activity from manifest
[ADB] Package name: 'com.samobiledev'
[ADB] Main activity name: 'com.samobiledev.MainActivity'
[ADB] Getting device platform version
[ADB] Using apksigner from /Users/kenfusco/.katalon/tools/android_sdk/build-tools/28.0.0/apksigner
[ADB] Cannot read version codes of '/usr/local/lib/node_modules/appium/node_modules/appium-uiautomator2-server/apks/appium-uiautomator2-server-debug-androidTest.apk' and/or 'io.appium.uiautomator2.server.test'
[ADB] Cannot read version names of '/usr/local/lib/node_modules/appium/node_modules/appium-uiautomator2-server/apks/appium-uiautomator2-server-debug-androidTest.apk' and/or 'io.appium.uiautomator2.server.test'. Assuming correct app version is already installed
[AndroidDriver] setDeviceLanguageCountry requires language or country.
[AndroidDriver] Got language: 'null' and country: 'null'
[ADB] Successfully extracted 80 strings from '/proof/android/release/app-release.apk' resources for '(default)' configuration
[UiAutomator2] Starting uiautomator2 server 1.12.0
[UiAutomator2] Using UIAutomator2 server from '/usr/local/lib/node_modules/appium/node_modules/appium-uiautomator2-server/apks/appium-uiautomator2-server-v1.12.0.apk' and test from '/usr/local/lib/node_modules/appium/node_modules/appium-uiautomator2-server/apks/appium-uiautomator2-server-debug-androidTest.apk'
[UiAutomator2] Running command: 'adb -s 18054522509388 shell am instrument -w io.appium.uiautomator2.server.test/android.support.test.runner.AndroidJUnitRunner'
[UiAutomator2] Waiting up to 20000ms for UiAutomator2 to be online...
[AndroidDriver] Screen already unlocked, doing nothing
[UiAutomator2] UiAutomator2 did not start the activity we were waiting for, 'com.samobiledev/com.samobiledev.MainActivity'. Starting it ourselves
[Appium] New AndroidUiautomator2Driver session created successfully, session 07e3e4e5-8992-4869-8b85-fbce9fab7de1 added to master session list
[HTTP] <-- POST /wd/hub/session 200 14502 ms - 1136
[HTTP] 
[HTTP] --> GET /wd/hub/status
[HTTP] {}
[HTTP] <-- GET /wd/hub/status 200 46 ms - 55
[HTTP] 
[HTTP] --> POST /wd/hub/session/07e3e4e5-8992-4869-8b85-fbce9fab7de1/timeouts
[HTTP] {"type":"implicit","ms":60000}
[HTTP] <-- POST /wd/hub/session/07e3e4e5-8992-4869-8b85-fbce9fab7de1/timeouts 400 26 ms - 4196
[HTTP] 
[HTTP] --> GET /wd/hub/session/07e3e4e5-8992-4869-8b85-fbce9fab7de1/source
[HTTP] {}
[W3C] Driver proxy active, passing request on via HTTP proxy
[JSONWP Proxy] Replacing sessionId 745f88ba-bf57-489c-914f-1e494fdab381 with 07e3e4e5-8992-4869-8b85-fbce9fab7de1
[HTTP] <-- GET /wd/hub/session/07e3e4e5-8992-4869-8b85-fbce9fab7de1/source 200 921 ms - 1821
[HTTP] 
[HTTP] --> GET /wd/hub/session/07e3e4e5-8992-4869-8b85-fbce9fab7de1/screenshot
[HTTP] {}
[HTTP] <-- GET /wd/hub/session/07e3e4e5-8992-4869-8b85-fbce9fab7de1/screenshot 200 236 ms - 163210
[HTTP] 
[HTTP] --> GET /wd/hub/session/07e3e4e5-8992-4869-8b85-fbce9fab7de1/source
[HTTP] {}
[W3C] Driver proxy active, passing request on via HTTP proxy
[JSONWP Proxy] Replacing sessionId 745f88ba-bf57-489c-914f-1e494fdab381 with 07e3e4e5-8992-4869-8b85-fbce9fab7de1
[HTTP] <-- GET /wd/hub/session/07e3e4e5-8992-4869-8b85-fbce9fab7de1/source 200 153 ms - 17638
[HTTP] 
[HTTP] --> GET /wd/hub/session/07e3e4e5-8992-4869-8b85-fbce9fab7de1/screenshot
[HTTP] {}
[HTTP] <-- GET /wd/hub/session/07e3e4e5-8992-4869-8b85-fbce9fab7de1/screenshot 200 219 ms - 78222
[HTTP] 
[HTTP] --> GET /wd/hub/session/07e3e4e5-8992-4869-8b85-fbce9fab7de1/window/current/size
[HTTP] {}
[W3C] Driver proxy active, passing request on via HTTP proxy
[JSONWP Proxy] Replacing sessionId 745f88ba-bf57-489c-914f-1e494fdab381 with 07e3e4e5-8992-4869-8b85-fbce9fab7de1
[HTTP] <-- GET /wd/hub/session/07e3e4e5-8992-4869-8b85-fbce9fab7de1/window/current/size 200 25 ms - 99
[HTTP] 
[HTTP] --> POST /wd/hub/session/07e3e4e5-8992-4869-8b85-fbce9fab7de1/elements
[HTTP] {"using":"xpath","value":"//hierarchy/android.widget.FrameLayout[1]/android.widget.LinearLayout[1]/android.widget.FrameLayout[1]/android.widget.FrameLayout[1]/android.view.ViewGroup[1]/android.view.ViewGroup[1]/android.view.ViewGroup[1]/android.view.ViewGroup[1]/android.widget.ImageView[1]"}
[HTTP] <-- POST /wd/hub/session/07e3e4e5-8992-4869-8b85-fbce9fab7de1/elements 200 122 ms - 124
[HTTP] 
[HTTP] --> GET /wd/hub/session/07e3e4e5-8992-4869-8b85-fbce9fab7de1
[HTTP] {}
[HTTP] <-- GET /wd/hub/session/07e3e4e5-8992-4869-8b85-fbce9fab7de1 200 21 ms - 1136
[HTTP] 
[HTTP] --> GET /wd/hub/session/07e3e4e5-8992-4869-8b85-fbce9fab7de1
[HTTP] {}
[HTTP] <-- GET /wd/hub/session/07e3e4e5-8992-4869-8b85-fbce9fab7de1 200 17 ms - 1136
[HTTP] 
[HTTP] --> GET /wd/hub/session/07e3e4e5-8992-4869-8b85-fbce9fab7de1
[HTTP] {}
[HTTP] <-- GET /wd/hub/session/07e3e4e5-8992-4869-8b85-fbce9fab7de1 200 16 ms - 1136
[HTTP] 
[HTTP] --> GET /wd/hub/session/07e3e4e5-8992-4869-8b85-fbce9fab7de1
[HTTP] {}
[HTTP] <-- GET /wd/hub/session/07e3e4e5-8992-4869-8b85-fbce9fab7de1 200 16 ms - 1136
[HTTP] 
[HTTP] --> GET /wd/hub/session/07e3e4e5-8992-4869-8b85-fbce9fab7de1/element/b829926b-37f7-4933-be01-3366a01fedb0/location
[HTTP] {}
[W3C] Driver proxy active, passing request on via HTTP proxy
[JSONWP Proxy] Replacing sessionId 745f88ba-bf57-489c-914f-1e494fdab381 with 07e3e4e5-8992-4869-8b85-fbce9fab7de1
[HTTP] <-- GET /wd/hub/session/07e3e4e5-8992-4869-8b85-fbce9fab7de1/element/b829926b-37f7-4933-be01-3366a01fedb0/location 200 21 ms - 87
[HTTP] 
[HTTP] --> POST /wd/hub/session/07e3e4e5-8992-4869-8b85-fbce9fab7de1/touch/perform
[HTTP] {"actions":[{"action":"tap","options":{"element":"b829926b-37f7-4933-be01-3366a01fedb0","x":1,"y":1}}]}
[UiAutomator2] calling get location: b829926b-37f7-4933-be01-3366a01fedb0
[HTTP] <-- POST /wd/hub/session/07e3e4e5-8992-4869-8b85-fbce9fab7de1/touch/perform 200 82 ms - 76
[HTTP] 
[HTTP] --> GET /wd/hub/session/07e3e4e5-8992-4869-8b85-fbce9fab7de1/source
[HTTP] {}
[W3C] Driver proxy active, passing request on via HTTP proxy
[JSONWP Proxy] Replacing sessionId 745f88ba-bf57-489c-914f-1e494fdab381 with 07e3e4e5-8992-4869-8b85-fbce9fab7de1
[HTTP] <-- GET /wd/hub/session/07e3e4e5-8992-4869-8b85-fbce9fab7de1/source 200 306 ms - 22412
[HTTP] 
[HTTP] --> GET /wd/hub/session/07e3e4e5-8992-4869-8b85-fbce9fab7de1/screenshot
[HTTP] {}
[HTTP] <-- GET /wd/hub/session/07e3e4e5-8992-4869-8b85-fbce9fab7de1/screenshot 200 229 ms - 85514
[HTTP] 
[HTTP] --> GET /wd/hub/session/07e3e4e5-8992-4869-8b85-fbce9fab7de1/window/current/size
[HTTP] {}
[W3C] Driver proxy active, passing request on via HTTP proxy
[JSONWP Proxy] Replacing sessionId 745f88ba-bf57-489c-914f-1e494fdab381 with 07e3e4e5-8992-4869-8b85-fbce9fab7de1
[HTTP] <-- GET /wd/hub/session/07e3e4e5-8992-4869-8b85-fbce9fab7de1/window/current/size 200 19 ms - 99
[HTTP] 
[HTTP] --> POST /wd/hub/session/07e3e4e5-8992-4869-8b85-fbce9fab7de1/elements
[HTTP] {"using":"xpath","value":"//hierarchy/android.widget.FrameLayout[1]/android.widget.LinearLayout[1]/android.widget.FrameLayout[1]/android.widget.FrameLayout[1]/android.view.ViewGroup[1]/android.view.ViewGroup[3]"}
[HTTP] <-- POST /wd/hub/session/07e3e4e5-8992-4869-8b85-fbce9fab7de1/elements 200 105 ms - 124
[HTTP] 
[HTTP] --> GET /wd/hub/session/07e3e4e5-8992-4869-8b85-fbce9fab7de1
[HTTP] {}
[HTTP] <-- GET /wd/hub/session/07e3e4e5-8992-4869-8b85-fbce9fab7de1 200 21 ms - 1136
[HTTP] 
[HTTP] --> GET /wd/hub/session/07e3e4e5-8992-4869-8b85-fbce9fab7de1
[HTTP] {}
[HTTP] <-- GET /wd/hub/session/07e3e4e5-8992-4869-8b85-fbce9fab7de1 200 19 ms - 1136
[HTTP] 
[HTTP] --> GET /wd/hub/session/07e3e4e5-8992-4869-8b85-fbce9fab7de1
[HTTP] {}
[HTTP] <-- GET /wd/hub/session/07e3e4e5-8992-4869-8b85-fbce9fab7de1 200 17 ms - 1136
[HTTP] 
[HTTP] --> GET /wd/hub/session/07e3e4e5-8992-4869-8b85-fbce9fab7de1
[HTTP] {}
[HTTP] <-- GET /wd/hub/session/07e3e4e5-8992-4869-8b85-fbce9fab7de1 200 17 ms - 1136
[HTTP] 
[HTTP] --> GET /wd/hub/session/07e3e4e5-8992-4869-8b85-fbce9fab7de1/element/62ed7e2d-76dc-4dc5-bff9-f0e202e04ca8/location
[HTTP] {}
[W3C] Driver proxy active, passing request on via HTTP proxy
[JSONWP Proxy] Replacing sessionId 745f88ba-bf57-489c-914f-1e494fdab381 with 07e3e4e5-8992-4869-8b85-fbce9fab7de1
[HTTP] <-- GET /wd/hub/session/07e3e4e5-8992-4869-8b85-fbce9fab7de1/element/62ed7e2d-76dc-4dc5-bff9-f0e202e04ca8/location 200 31 ms - 87
[HTTP] 
[HTTP] --> POST /wd/hub/session/07e3e4e5-8992-4869-8b85-fbce9fab7de1/touch/perform
[HTTP] {"actions":[{"action":"longPress","options":{"element":"62ed7e2d-76dc-4dc5-bff9-f0e202e04ca8"}},{"action":"release","options":{}}]}
[UiAutomator2] calling get location: 62ed7e2d-76dc-4dc5-bff9-f0e202e04ca8
[HTTP] <-- POST /wd/hub/session/07e3e4e5-8992-4869-8b85-fbce9fab7de1/touch/perform 200 2595 ms - 76
[HTTP] 
[HTTP] --> GET /wd/hub/session/07e3e4e5-8992-4869-8b85-fbce9fab7de1/source
[HTTP] {}
[W3C] Driver proxy active, passing request on via HTTP proxy
[JSONWP Proxy] Replacing sessionId 745f88ba-bf57-489c-914f-1e494fdab381 with 07e3e4e5-8992-4869-8b85-fbce9fab7de1
[HTTP] <-- GET /wd/hub/session/07e3e4e5-8992-4869-8b85-fbce9fab7de1/source 200 193 ms - 22412
[HTTP] 
[HTTP] --> GET /wd/hub/session/07e3e4e5-8992-4869-8b85-fbce9fab7de1/screenshot
[HTTP] {}
[HTTP] <-- GET /wd/hub/session/07e3e4e5-8992-4869-8b85-fbce9fab7de1/screenshot 200 266 ms - 85538
[HTTP] 
[HTTP] --> GET /wd/hub/session/07e3e4e5-8992-4869-8b85-fbce9fab7de1/window/current/size
[HTTP] {}
[W3C] Driver proxy active, passing request on via HTTP proxy
[JSONWP Proxy] Replacing sessionId 745f88ba-bf57-489c-914f-1e494fdab381 with 07e3e4e5-8992-4869-8b85-fbce9fab7de1
[HTTP] <-- GET /wd/hub/session/07e3e4e5-8992-4869-8b85-fbce9fab7de1/window/current/size 200 27 ms - 99
[HTTP] 
[HTTP] --> POST /wd/hub/session/07e3e4e5-8992-4869-8b85-fbce9fab7de1/elements
[HTTP] {"using":"xpath","value":"//hierarchy/android.widget.FrameLayout[1]/android.widget.LinearLayout[1]/android.widget.FrameLayout[1]/android.widget.FrameLayout[1]/android.view.ViewGroup[2]/android.view.ViewGroup[2]/android.view.ViewGroup[5]/android.widget.TextView[1]"}
[HTTP] <-- POST /wd/hub/session/07e3e4e5-8992-4869-8b85-fbce9fab7de1/elements 200 122 ms - 124
[HTTP] 
[HTTP] --> GET /wd/hub/session/07e3e4e5-8992-4869-8b85-fbce9fab7de1
[HTTP] {}
[HTTP] <-- GET /wd/hub/session/07e3e4e5-8992-4869-8b85-fbce9fab7de1 200 23 ms - 1136
[HTTP] 
[HTTP] --> GET /wd/hub/session/07e3e4e5-8992-4869-8b85-fbce9fab7de1
[HTTP] {}
[HTTP] <-- GET /wd/hub/session/07e3e4e5-8992-4869-8b85-fbce9fab7de1 200 25 ms - 1136
[HTTP] 
[HTTP] --> GET /wd/hub/session/07e3e4e5-8992-4869-8b85-fbce9fab7de1
[HTTP] {}
[HTTP] <-- GET /wd/hub/session/07e3e4e5-8992-4869-8b85-fbce9fab7de1 200 18 ms - 1136
[HTTP] 
[HTTP] --> GET /wd/hub/session/07e3e4e5-8992-4869-8b85-fbce9fab7de1
[HTTP] {}
[HTTP] <-- GET /wd/hub/session/07e3e4e5-8992-4869-8b85-fbce9fab7de1 200 14 ms - 1136
[HTTP] 
[HTTP] --> GET /wd/hub/session/07e3e4e5-8992-4869-8b85-fbce9fab7de1/element/994bfd83-7290-4f41-83ef-95e23f2a0708/location
[HTTP] {}
[W3C] Driver proxy active, passing request on via HTTP proxy
[JSONWP Proxy] Replacing sessionId 745f88ba-bf57-489c-914f-1e494fdab381 with 07e3e4e5-8992-4869-8b85-fbce9fab7de1
[HTTP] <-- GET /wd/hub/session/07e3e4e5-8992-4869-8b85-fbce9fab7de1/element/994bfd83-7290-4f41-83ef-95e23f2a0708/location 200 28 ms - 88
[HTTP] 
[HTTP] --> POST /wd/hub/session/07e3e4e5-8992-4869-8b85-fbce9fab7de1/touch/perform
[HTTP] {"actions":[{"action":"tap","options":{"element":"994bfd83-7290-4f41-83ef-95e23f2a0708","x":1,"y":1}}]}
[UiAutomator2] calling get location: 994bfd83-7290-4f41-83ef-95e23f2a0708
[HTTP] <-- POST /wd/hub/session/07e3e4e5-8992-4869-8b85-fbce9fab7de1/touch/perform 200 68 ms - 76
[HTTP] 
[HTTP] --> GET /wd/hub/session/07e3e4e5-8992-4869-8b85-fbce9fab7de1/source
[HTTP] {}
[W3C] Driver proxy active, passing request on via HTTP proxy
[JSONWP Proxy] Replacing sessionId 745f88ba-bf57-489c-914f-1e494fdab381 with 07e3e4e5-8992-4869-8b85-fbce9fab7de1
[HTTP] <-- GET /wd/hub/session/07e3e4e5-8992-4869-8b85-fbce9fab7de1/source 200 295 ms - 22481
[HTTP] 
[HTTP] --> GET /wd/hub/session/07e3e4e5-8992-4869-8b85-fbce9fab7de1/screenshot
[HTTP] {}
[HTTP] <-- GET /wd/hub/session/07e3e4e5-8992-4869-8b85-fbce9fab7de1/screenshot 200 259 ms - 101012
[HTTP] 
[HTTP] --> GET /wd/hub/session/07e3e4e5-8992-4869-8b85-fbce9fab7de1/source
[HTTP] {}
[W3C] Driver proxy active, passing request on via HTTP proxy
[HTTP] <-- GET /wd/hub/session/07e3e4e5-8992-4869-8b85-fbce9fab7de1/source 500 40 ms - 1325
[HTTP] 
[HTTP] --> DELETE /wd/hub/session/07e3e4e5-8992-4869-8b85-fbce9fab7de1
[HTTP] {}
[Appium] Removing session 07e3e4e5-8992-4869-8b85-fbce9fab7de1 from our master session list
[UiAutomator2] Did not get confirmation UiAutomator2 deleteSession worked; Error was: ProxyRequestError: Could not proxy command to remote server. Original error: Error: connect ECONNREFUSED 127.0.0.1:8200
[UiAutomator2] Unable to remove port forward 'Error executing adbExec. Original error: 'Command '/Users/kenfusco/.katalon/tools/android_sdk/platform-tools/adb -P 5037 -s 18054522509388 forward --remove tcp\:8200' exited with code 1'; Stderr: 'error: listener 'tcp:8200' not found'; Code: '1''
[HTTP] <-- DELETE /wd/hub/session/07e3e4e5-8992-4869-8b85-fbce9fab7de1 200 650 ms - 76
[HTTP] 
